<?xml version="1.0" encoding="UTF-8"?>
<testng-results skipped="0" failed="0" ignored="0" total="1" passed="1">
  <reporter-output>
  </reporter-output>
  <suite name="Default suite" duration-ms="14375" started-at="2019-12-18T13:39:46 IST" finished-at="2019-12-18T13:40:00 IST">
    <groups>
    </groups>
    <test name="Default test" duration-ms="14375" started-at="2019-12-18T13:39:46 IST" finished-at="2019-12-18T13:40:00 IST">
      <class name="com.inetBanking.testCases.TC_LoginPage_001">
        <test-method status="PASS" signature="setup()[pri:0, instance:com.inetBanking.testCases.TC_LoginPage_001@396f6598]" name="setup" is-config="true" duration-ms="8232" started-at="2019-12-18T13:39:46 IST" finished-at="2019-12-18T13:39:54 IST">
          <reporter-output>
          </reporter-output>
        </test-method> <!-- setup -->
        <test-method status="PASS" signature="loginTest()[pri:0, instance:com.inetBanking.testCases.TC_LoginPage_001@396f6598]" name="loginTest" duration-ms="4955" started-at="2019-12-18T13:39:54 IST" finished-at="2019-12-18T13:39:59 IST">
          <reporter-output>
          </reporter-output>
        </test-method> <!-- loginTest -->
        <test-method status="PASS" signature="tearDown()[pri:0, instance:com.inetBanking.testCases.TC_LoginPage_001@396f6598]" name="tearDown" is-config="true" duration-ms="1092" started-at="2019-12-18T13:39:59 IST" finished-at="2019-12-18T13:40:00 IST">
          <reporter-output>
          </reporter-output>
        </test-method> <!-- tearDown -->
      </class> <!-- com.inetBanking.testCases.TC_LoginPage_001 -->
    </test> <!-- Default test -->
  </suite> <!-- Default suite -->
</testng-results>
